
Iteration: 1
Best: cos(0.4743272435491992)+90-0.13905316955660318*-45+0*165+30+0.18128433831349822-0.09897662849668476--75*-165*0.5158937298884668+-30+-15+0.18128433831349822-15+60*135+30+0.818481563490533-120+15+15*-75-105+0.8991895692107758-0.09897662849668476+60+-90+0.3567430511235875-0.701839705488663
fitness: 447.53927535598217

Iteration: 2
Best: -75*0.701839705488663--165-0.5158937298884668*0.9757823594072176--15-15-0.09897662849668476-90+0.8991895692107758+0.18128433831349822*45*-45*0.3567430511235875-165+-30+0.13905316955660318*-90*75--15*75+-120+-120*0.701839705488663*0.8991895692107758+0.5158937298884668*120+0.13905316955660318-0.09897662849668476+-150--45
fitness: 357.65382258431765

Iteration: 3
Best: 165+-30
fitness: 133.04

Iteration: 4
Best: 165+-30
fitness: 133.04

Iteration: 5
Best: 90+0.8991895692107758
fitness: 88.93918956921071

Iteration: 6
Best: 90+0.8991895692107758
fitness: 88.93918956921071

Iteration: 7
Best: 90+0.8991895692107758
fitness: 88.93918956921071

Iteration: 8
Best: 75--15
fitness: 88.04

Iteration: 9
Best: 0.4743272435491992
fitness: 1.485672756450802

Iteration: 10
Best: 0.4743272435491992
fitness: 1.485672756450802

Iteration: 11
Best: 0.9757823594072176
fitness: 0.9842176405927812
